<?xml version="1.0" encoding="UTF-8"?>
<coverage generated="1726994450669" clover="3.2.0">
  <project timestamp="1726994450669" name="All files">
    <metrics statements="42" coveredstatements="42" conditionals="16" coveredconditionals="16" methods="9" coveredmethods="9" elements="67" coveredelements="67" complexity="0" loc="42" ncloc="42" packages="1" files="7" classes="7"/>
    <file name="bowman.js" path="C:\Users\pushk\Desktop\classes_methods\src\js\characters\bowman.js">
      <metrics statements="3" coveredstatements="3" conditionals="0" coveredconditionals="0" methods="1" coveredmethods="1"/>
      <line num="6" count="1" type="stmt"/>
      <line num="7" count="1" type="stmt"/>
      <line num="8" count="1" type="stmt"/>
    </file>
    <file name="character.js" path="C:\Users\pushk\Desktop\classes_methods\src\js\characters\character.js">
      <metrics statements="24" coveredstatements="24" conditionals="16" coveredconditionals="16" methods="3" coveredmethods="3"/>
      <line num="5" count="16" type="stmt"/>
      <line num="6" count="16" type="cond" truecount="4" falsecount="0"/>
      <line num="7" count="2" type="stmt"/>
      <line num="10" count="14" type="cond" truecount="2" falsecount="0"/>
      <line num="11" count="1" type="stmt"/>
      <line num="14" count="13" type="stmt"/>
      <line num="15" count="13" type="stmt"/>
      <line num="16" count="13" type="stmt"/>
      <line num="17" count="13" type="stmt"/>
      <line num="19" count="13" type="stmt"/>
      <line num="20" count="13" type="stmt"/>
      <line num="24" count="3" type="cond" truecount="2" falsecount="0"/>
      <line num="25" count="1" type="stmt"/>
      <line num="28" count="2" type="cond" truecount="4" falsecount="0"/>
      <line num="29" count="1" type="stmt"/>
      <line num="32" count="1" type="stmt"/>
      <line num="33" count="1" type="stmt"/>
      <line num="34" count="1" type="stmt"/>
      <line num="35" count="1" type="stmt"/>
      <line num="39" count="3" type="cond" truecount="2" falsecount="0"/>
      <line num="40" count="1" type="stmt"/>
      <line num="42" count="2" type="cond" truecount="2" falsecount="0"/>
      <line num="43" count="1" type="stmt"/>
      <line num="46" count="1" type="stmt"/>
    </file>
    <file name="daemon.js" path="C:\Users\pushk\Desktop\classes_methods\src\js\characters\daemon.js">
      <metrics statements="3" coveredstatements="3" conditionals="0" coveredconditionals="0" methods="1" coveredmethods="1"/>
      <line num="6" count="1" type="stmt"/>
      <line num="7" count="1" type="stmt"/>
      <line num="8" count="1" type="stmt"/>
    </file>
    <file name="magician.js" path="C:\Users\pushk\Desktop\classes_methods\src\js\characters\magician.js">
      <metrics statements="3" coveredstatements="3" conditionals="0" coveredconditionals="0" methods="1" coveredmethods="1"/>
      <line num="6" count="1" type="stmt"/>
      <line num="7" count="1" type="stmt"/>
      <line num="8" count="1" type="stmt"/>
    </file>
    <file name="swordsman.js" path="C:\Users\pushk\Desktop\classes_methods\src\js\characters\swordsman.js">
      <metrics statements="3" coveredstatements="3" conditionals="0" coveredconditionals="0" methods="1" coveredmethods="1"/>
      <line num="6" count="1" type="stmt"/>
      <line num="7" count="1" type="stmt"/>
      <line num="8" count="1" type="stmt"/>
    </file>
    <file name="undead.js" path="C:\Users\pushk\Desktop\classes_methods\src\js\characters\undead.js">
      <metrics statements="3" coveredstatements="3" conditionals="0" coveredconditionals="0" methods="1" coveredmethods="1"/>
      <line num="6" count="1" type="stmt"/>
      <line num="7" count="1" type="stmt"/>
      <line num="8" count="1" type="stmt"/>
    </file>
    <file name="zombie.js" path="C:\Users\pushk\Desktop\classes_methods\src\js\characters\zombie.js">
      <metrics statements="3" coveredstatements="3" conditionals="0" coveredconditionals="0" methods="1" coveredmethods="1"/>
      <line num="6" count="1" type="stmt"/>
      <line num="7" count="1" type="stmt"/>
      <line num="8" count="1" type="stmt"/>
    </file>
  </project>
</coverage>
