{"C:\\Users\\pushk\\Desktop\\classes_methods\\src\\js\\characters\\bowman.js": {"path":"C:\\Users\\pushk\\Desktop\\classes_methods\\src\\js\\characters\\bowman.js","statementMap":{"0":{"start":{"line":6,"column":8},"end":{"line":6,"column":30}},"1":{"start":{"line":7,"column":8},"end":{"line":7,"column":25}},"2":{"start":{"line":8,"column":8},"end":{"line":8,"column":26}}},"fnMap":{"0":{"name":"(anonymous_0)","decl":{"start":{"line":5,"column":4},"end":{"line":5,"column":5}},"loc":{"start":{"line":5,"column":22},"end":{"line":9,"column":5}},"line":5}},"branchMap":{},"s":{"0":1,"1":1,"2":1},"f":{"0":1},"b":{},"_coverageSchema":"1a1c01bbd47fc00a2c39e90264f33305004495a9","hash":"b0f75ede3580384317dda7c483d74f15cdad4126"}
,"C:\\Users\\pushk\\Desktop\\classes_methods\\src\\js\\characters\\character.js": {"path":"C:\\Users\\pushk\\Desktop\\classes_methods\\src\\js\\characters\\character.js","statementMap":{"0":{"start":{"line":5,"column":22},"end":{"line":5,"column":87}},"1":{"start":{"line":6,"column":8},"end":{"line":8,"column":9}},"2":{"start":{"line":7,"column":12},"end":{"line":7,"column":72}},"3":{"start":{"line":10,"column":8},"end":{"line":12,"column":9}},"4":{"start":{"line":11,"column":12},"end":{"line":11,"column":73}},"5":{"start":{"line":14,"column":8},"end":{"line":14,"column":25}},"6":{"start":{"line":15,"column":8},"end":{"line":15,"column":25}},"7":{"start":{"line":16,"column":8},"end":{"line":16,"column":26}},"8":{"start":{"line":17,"column":8},"end":{"line":17,"column":23}},"9":{"start":{"line":19,"column":8},"end":{"line":19,"column":32}},"10":{"start":{"line":20,"column":8},"end":{"line":20,"column":33}},"11":{"start":{"line":24,"column":8},"end":{"line":26,"column":9}},"12":{"start":{"line":25,"column":12},"end":{"line":25,"column":66}},"13":{"start":{"line":28,"column":8},"end":{"line":30,"column":9}},"14":{"start":{"line":29,"column":12},"end":{"line":29,"column":72}},"15":{"start":{"line":32,"column":8},"end":{"line":32,"column":23}},"16":{"start":{"line":33,"column":8},"end":{"line":33,"column":26}},"17":{"start":{"line":34,"column":8},"end":{"line":34,"column":27}},"18":{"start":{"line":35,"column":8},"end":{"line":35,"column":26}},"19":{"start":{"line":39,"column":8},"end":{"line":41,"column":9}},"20":{"start":{"line":40,"column":12},"end":{"line":40,"column":48}},"21":{"start":{"line":42,"column":8},"end":{"line":44,"column":9}},"22":{"start":{"line":43,"column":12},"end":{"line":43,"column":63}},"23":{"start":{"line":46,"column":8},"end":{"line":46,"column":57}}},"fnMap":{"0":{"name":"(anonymous_0)","decl":{"start":{"line":4,"column":4},"end":{"line":4,"column":5}},"loc":{"start":{"line":4,"column":28},"end":{"line":21,"column":5}},"line":4},"1":{"name":"(anonymous_1)","decl":{"start":{"line":23,"column":4},"end":{"line":23,"column":5}},"loc":{"start":{"line":23,"column":15},"end":{"line":36,"column":5}},"line":23},"2":{"name":"(anonymous_2)","decl":{"start":{"line":38,"column":4},"end":{"line":38,"column":5}},"loc":{"start":{"line":38,"column":19},"end":{"line":47,"column":5}},"line":38}},"branchMap":{"0":{"loc":{"start":{"line":6,"column":8},"end":{"line":8,"column":9}},"type":"if","locations":[{"start":{"line":6,"column":8},"end":{"line":8,"column":9}},{"start":{},"end":{}}],"line":6},"1":{"loc":{"start":{"line":6,"column":12},"end":{"line":6,"column":47}},"type":"binary-expr","locations":[{"start":{"line":6,"column":12},"end":{"line":6,"column":27}},{"start":{"line":6,"column":31},"end":{"line":6,"column":47}}],"line":6},"2":{"loc":{"start":{"line":10,"column":8},"end":{"line":12,"column":9}},"type":"if","locations":[{"start":{"line":10,"column":8},"end":{"line":12,"column":9}},{"start":{},"end":{}}],"line":10},"3":{"loc":{"start":{"line":24,"column":8},"end":{"line":26,"column":9}},"type":"if","locations":[{"start":{"line":24,"column":8},"end":{"line":26,"column":9}},{"start":{},"end":{}}],"line":24},"4":{"loc":{"start":{"line":28,"column":8},"end":{"line":30,"column":9}},"type":"if","locations":[{"start":{"line":28,"column":8},"end":{"line":30,"column":9}},{"start":{},"end":{}}],"line":28},"5":{"loc":{"start":{"line":28,"column":12},"end":{"line":28,"column":67}},"type":"binary-expr","locations":[{"start":{"line":28,"column":12},"end":{"line":28,"column":37}},{"start":{"line":28,"column":41},"end":{"line":28,"column":67}}],"line":28},"6":{"loc":{"start":{"line":39,"column":8},"end":{"line":41,"column":9}},"type":"if","locations":[{"start":{"line":39,"column":8},"end":{"line":41,"column":9}},{"start":{},"end":{}}],"line":39},"7":{"loc":{"start":{"line":42,"column":8},"end":{"line":44,"column":9}},"type":"if","locations":[{"start":{"line":42,"column":8},"end":{"line":44,"column":9}},{"start":{},"end":{}}],"line":42}},"s":{"0":16,"1":16,"2":2,"3":14,"4":1,"5":13,"6":13,"7":13,"8":13,"9":13,"10":13,"11":3,"12":1,"13":2,"14":1,"15":1,"16":1,"17":1,"18":1,"19":3,"20":1,"21":2,"22":1,"23":1},"f":{"0":16,"1":3,"2":3},"b":{"0":[2,14],"1":[16,15],"2":[1,13],"3":[1,2],"4":[1,1],"5":[2,1],"6":[1,2],"7":[1,1]},"_coverageSchema":"1a1c01bbd47fc00a2c39e90264f33305004495a9","hash":"bae86c2a5aa0b39c7bcc6ef0640de14b4d63fa12"}
,"C:\\Users\\pushk\\Desktop\\classes_methods\\src\\js\\characters\\daemon.js": {"path":"C:\\Users\\pushk\\Desktop\\classes_methods\\src\\js\\characters\\daemon.js","statementMap":{"0":{"start":{"line":6,"column":8},"end":{"line":6,"column":30}},"1":{"start":{"line":7,"column":8},"end":{"line":7,"column":25}},"2":{"start":{"line":8,"column":8},"end":{"line":8,"column":26}}},"fnMap":{"0":{"name":"(anonymous_0)","decl":{"start":{"line":5,"column":4},"end":{"line":5,"column":5}},"loc":{"start":{"line":5,"column":22},"end":{"line":9,"column":5}},"line":5}},"branchMap":{},"s":{"0":1,"1":1,"2":1},"f":{"0":1},"b":{},"_coverageSchema":"1a1c01bbd47fc00a2c39e90264f33305004495a9","hash":"572136d874fc8078bd54aabc9c1768e4d7bce929"}
,"C:\\Users\\pushk\\Desktop\\classes_methods\\src\\js\\characters\\magician.js": {"path":"C:\\Users\\pushk\\Desktop\\classes_methods\\src\\js\\characters\\magician.js","statementMap":{"0":{"start":{"line":6,"column":8},"end":{"line":6,"column":32}},"1":{"start":{"line":7,"column":8},"end":{"line":7,"column":25}},"2":{"start":{"line":8,"column":8},"end":{"line":8,"column":26}}},"fnMap":{"0":{"name":"(anonymous_0)","decl":{"start":{"line":5,"column":4},"end":{"line":5,"column":5}},"loc":{"start":{"line":5,"column":22},"end":{"line":9,"column":5}},"line":5}},"branchMap":{},"s":{"0":1,"1":1,"2":1},"f":{"0":1},"b":{},"_coverageSchema":"1a1c01bbd47fc00a2c39e90264f33305004495a9","hash":"85f12ec16342b6dba490bc319820edafc419170c"}
,"C:\\Users\\pushk\\Desktop\\classes_methods\\src\\js\\characters\\swordsman.js": {"path":"C:\\Users\\pushk\\Desktop\\classes_methods\\src\\js\\characters\\swordsman.js","statementMap":{"0":{"start":{"line":6,"column":8},"end":{"line":6,"column":33}},"1":{"start":{"line":7,"column":8},"end":{"line":7,"column":25}},"2":{"start":{"line":8,"column":8},"end":{"line":8,"column":26}}},"fnMap":{"0":{"name":"(anonymous_0)","decl":{"start":{"line":5,"column":4},"end":{"line":5,"column":5}},"loc":{"start":{"line":5,"column":22},"end":{"line":9,"column":5}},"line":5}},"branchMap":{},"s":{"0":1,"1":1,"2":1},"f":{"0":1},"b":{},"_coverageSchema":"1a1c01bbd47fc00a2c39e90264f33305004495a9","hash":"6040ea6334e77ddd21dcf70128e1fbbeb92461f5"}
,"C:\\Users\\pushk\\Desktop\\classes_methods\\src\\js\\characters\\undead.js": {"path":"C:\\Users\\pushk\\Desktop\\classes_methods\\src\\js\\characters\\undead.js","statementMap":{"0":{"start":{"line":6,"column":8},"end":{"line":6,"column":30}},"1":{"start":{"line":7,"column":8},"end":{"line":7,"column":25}},"2":{"start":{"line":8,"column":8},"end":{"line":8,"column":26}}},"fnMap":{"0":{"name":"(anonymous_0)","decl":{"start":{"line":5,"column":4},"end":{"line":5,"column":5}},"loc":{"start":{"line":5,"column":22},"end":{"line":9,"column":5}},"line":5}},"branchMap":{},"s":{"0":1,"1":1,"2":1},"f":{"0":1},"b":{},"_coverageSchema":"1a1c01bbd47fc00a2c39e90264f33305004495a9","hash":"9b5042aa0f1acba84dfcb5ccd5916285b4a9d60d"}
,"C:\\Users\\pushk\\Desktop\\classes_methods\\src\\js\\characters\\zombie.js": {"path":"C:\\Users\\pushk\\Desktop\\classes_methods\\src\\js\\characters\\zombie.js","statementMap":{"0":{"start":{"line":6,"column":8},"end":{"line":6,"column":30}},"1":{"start":{"line":7,"column":8},"end":{"line":7,"column":25}},"2":{"start":{"line":8,"column":8},"end":{"line":8,"column":26}}},"fnMap":{"0":{"name":"(anonymous_0)","decl":{"start":{"line":5,"column":4},"end":{"line":5,"column":5}},"loc":{"start":{"line":5,"column":22},"end":{"line":9,"column":5}},"line":5}},"branchMap":{},"s":{"0":1,"1":1,"2":1},"f":{"0":1},"b":{},"_coverageSchema":"1a1c01bbd47fc00a2c39e90264f33305004495a9","hash":"edf9826f2109faf15328cf3221eb0a36d977421c"}
}
